{"level":"info","message":"Processed GET request to /api/employee/search-employee?text=soo in 0.004ms","timestamp":"2023-05-15T05:09:37.341Z","label":"attendance_api"}
{"level":"info","message":"Processed GET request to /api/employee/get-attendance?empId=738&size=10&page=0&sortBy=date in NaNms","timestamp":"2023-05-15T05:12:49.385Z","label":"attendance_api"}
{"level":"info","message":"Processed POST request to /api/employee/add-employee in NaNms","timestamp":"2023-05-15T05:13:32.475Z","label":"attendance_api"}
{"level":"info","message":"Processed POST request to /api/employee/add-employee in 0.005ms","timestamp":"2023-05-15T05:13:52.121Z","label":"attendance_api"}
{"level":"info","message":"Processed GET request to /api/employee/employees in 0.005ms","timestamp":"2023-05-15T05:16:00.679Z","label":"attendance_api"}
{"level":"info","message":"Processed POST request to /api/employee/add-employee in 0.005ms","timestamp":"2023-05-15T05:16:00.704Z","label":"attendance_api"}
{"level":"info","message":"Processed POST request to /api/employee/mark-attendance in 0.005ms","timestamp":"2023-05-15T05:16:00.718Z","label":"attendance_api"}
{"level":"info","message":"Processed GET request to /api/employee/get-attendance?page=0&size=3&empId=744&sortBy=date in 0.005ms","timestamp":"2023-05-15T05:16:00.736Z","label":"attendance_api"}
{"level":"info","message":"Processed GET request to /api/employee/attendace-by-date?date=2023-05-07 in 0.005ms","timestamp":"2023-05-15T05:16:00.750Z","label":"attendance_api"}
{"level":"info","message":"Processed GET request to /api/employee/search-employee?text=ku in 0.001ms","timestamp":"2023-05-15T05:16:00.760Z","label":"attendance_api"}
{"level":"info","message":"Processed GET request to /api/employee/search-employee?text=soor in 0.005ms","timestamp":"2023-05-15T05:16:00.771Z","label":"attendance_api"}
{"level":"info","message":"Processed GET request to /api/employee/employees in 0.005ms","timestamp":"2023-05-15T05:21:04.652Z","label":"attendance_api"}
{"level":"info","message":"Processed POST request to /api/employee/add-employee in 0.005ms","timestamp":"2023-05-15T05:21:04.684Z","label":"attendance_api"}
{"level":"info","message":"Processed POST request to /api/employee/mark-attendance in 0.005ms","timestamp":"2023-05-15T05:21:04.698Z","label":"attendance_api"}
{"level":"info","message":"Processed GET request to /api/employee/get-attendance?page=0&size=3&empId=750&sortBy=date in 0.005ms","timestamp":"2023-05-15T05:21:04.717Z","label":"attendance_api"}
{"level":"info","message":"Processed GET request to /api/employee/attendace-by-date?date=2023-05-07 in 0.005ms","timestamp":"2023-05-15T05:21:04.732Z","label":"attendance_api"}
{"level":"info","message":"Processed GET request to /api/employee/search-employee?text=ku in 0.002ms","timestamp":"2023-05-15T05:21:04.743Z","label":"attendance_api"}
{"level":"info","message":"Processed GET request to /api/employee/search-employee?text=soor in 0.005ms","timestamp":"2023-05-15T05:21:04.752Z","label":"attendance_api"}
{"level":"info","message":"Processed GET request to /api/employee/employees in 0.005ms","timestamp":"2023-05-15T05:24:10.511Z","label":"attendance_api"}
{"level":"info","message":"Processed POST request to /api/employee/add-employee in 0.005ms","timestamp":"2023-05-15T05:24:10.542Z","label":"attendance_api"}
{"level":"info","message":"Processed POST request to /api/employee/mark-attendance in 0.005ms","timestamp":"2023-05-15T05:24:10.556Z","label":"attendance_api"}
{"level":"info","message":"Processed GET request to /api/employee/get-attendance?page=0&size=3&empId=756&sortBy=date in 0.005ms","timestamp":"2023-05-15T05:24:10.573Z","label":"attendance_api"}
{"level":"info","message":"Processed GET request to /api/employee/attendace-by-date?date=2023-05-07 in 0.005ms","timestamp":"2023-05-15T05:24:10.587Z","label":"attendance_api"}
{"level":"info","message":"Processed GET request to /api/employee/search-employee?text=ku in 0.002ms","timestamp":"2023-05-15T05:24:10.601Z","label":"attendance_api"}
{"level":"info","message":"Processed GET request to /api/employee/search-employee?text=soor in 0.005ms","timestamp":"2023-05-15T05:24:10.612Z","label":"attendance_api"}
{"level":"info","message":"Processed GET request to /api/employee/employees in 0.005ms","timestamp":"2023-05-15T05:25:27.386Z","label":"attendance_api"}
{"level":"info","message":"Processed POST request to /api/employee/add-employee in 0.005ms","timestamp":"2023-05-15T05:25:27.416Z","label":"attendance_api"}
{"level":"info","message":"Processed POST request to /api/employee/mark-attendance in 0.005ms","timestamp":"2023-05-15T05:25:27.431Z","label":"attendance_api"}
{"level":"info","message":"Processed GET request to /api/employee/get-attendance?page=0&size=3&empId=762&sortBy=date in 0.005ms","timestamp":"2023-05-15T05:25:27.448Z","label":"attendance_api"}
{"level":"info","message":"Processed GET request to /api/employee/attendace-by-date?date=2023-05-07 in 0.005ms","timestamp":"2023-05-15T05:25:27.461Z","label":"attendance_api"}
{"level":"info","message":"Processed GET request to /api/employee/search-employee?text=ku in 0.002ms","timestamp":"2023-05-15T05:25:27.475Z","label":"attendance_api"}
{"level":"info","message":"Processed GET request to /api/employee/search-employee?text=soor in 0.005ms","timestamp":"2023-05-15T05:25:27.487Z","label":"attendance_api"}
{"level":"info","message":"Processed GET request to /api/employee/employees in 0.005ms","timestamp":"2023-05-15T05:27:51.625Z","label":"attendance_api"}
{"level":"info","message":"Processed POST request to /api/employee/add-employee in 0.005ms","timestamp":"2023-05-15T05:27:51.655Z","label":"attendance_api"}
{"level":"info","message":"Processed POST request to /api/employee/mark-attendance in 0.005ms","timestamp":"2023-05-15T05:27:51.666Z","label":"attendance_api"}
{"level":"info","message":"Processed GET request to /api/employee/get-attendance?page=0&size=3&empId=768&sortBy=date in 0.005ms","timestamp":"2023-05-15T05:27:51.681Z","label":"attendance_api"}
{"level":"info","message":"Processed GET request to /api/employee/attendace-by-date?date=2023-05-07 in 0.005ms","timestamp":"2023-05-15T05:27:51.695Z","label":"attendance_api"}
{"level":"info","message":"Processed GET request to /api/employee/search-employee?text=ku in 0.002ms","timestamp":"2023-05-15T05:27:51.706Z","label":"attendance_api"}
{"level":"info","message":"Processed GET request to /api/employee/search-employee?text=soor in 0.005ms","timestamp":"2023-05-15T05:27:51.715Z","label":"attendance_api"}
{"level":"info","message":"Processed GET request to /api/employee/employees in 0.005ms","timestamp":"2023-05-15T05:33:53.868Z","label":"attendance_api"}
{"level":"info","message":"Processed POST request to /api/employee/add-employee in 0.005ms","timestamp":"2023-05-15T05:33:53.898Z","label":"attendance_api"}
{"level":"info","message":"Processed POST request to /api/employee/mark-attendance in 0.005ms","timestamp":"2023-05-15T05:33:53.916Z","label":"attendance_api"}
{"level":"info","message":"Processed GET request to /api/employee/get-attendance?page=0&size=3&empId=774&sortBy=date in 0.005ms","timestamp":"2023-05-15T05:33:53.932Z","label":"attendance_api"}
{"level":"info","message":"Processed GET request to /api/employee/attendace-by-date?date=2023-05-07 in 0.005ms","timestamp":"2023-05-15T05:33:53.947Z","label":"attendance_api"}
{"level":"info","message":"Processed GET request to /api/employee/search-employee?text=ku in 0.002ms","timestamp":"2023-05-15T05:33:53.957Z","label":"attendance_api"}
{"level":"info","message":"Processed GET request to /api/employee/search-employee?text=soor in 0.005ms","timestamp":"2023-05-15T05:33:53.969Z","label":"attendance_api"}
{"level":"info","message":"Processed GET request to /api/employee/employees in 0.005ms","timestamp":"2023-05-15T05:36:05.055Z","label":"attendance_api"}
{"level":"info","message":"Processed POST request to /api/employee/add-employee in 0.005ms","timestamp":"2023-05-15T05:36:05.080Z","label":"attendance_api"}
{"level":"info","message":"Processed POST request to /api/employee/mark-attendance in 0.005ms","timestamp":"2023-05-15T05:36:05.092Z","label":"attendance_api"}
{"level":"info","message":"Processed GET request to /api/employee/get-attendance?page=0&size=3&empId=780&sortBy=date in 0.005ms","timestamp":"2023-05-15T05:36:05.110Z","label":"attendance_api"}
{"level":"info","message":"Processed GET request to /api/employee/attendace-by-date?date=2023-05-07 in 0.005ms","timestamp":"2023-05-15T05:36:05.124Z","label":"attendance_api"}
{"level":"info","message":"Processed GET request to /api/employee/search-employee?text=ku in 0.002ms","timestamp":"2023-05-15T05:36:05.135Z","label":"attendance_api"}
{"level":"info","message":"Processed GET request to /api/employee/search-employee?text=soor in 0.005ms","timestamp":"2023-05-15T05:36:05.146Z","label":"attendance_api"}
