{"level":"info","message":"Processed GET request to /api/employee/search-employee?text=soo in 25ms","timestamp":"2023-05-15T04:27:25.843Z","label":"attendance_api"}
{"level":"info","message":"Processed GET request to /api/employee/search-employee?text=soo in 25ms","timestamp":"2023-05-15T04:27:33.645Z","label":"attendance_api"}
{"level":"info","message":"Processed GET request to /api/employee/search-employee?text=soo in 25ms","timestamp":"2023-05-15T04:27:52.050Z","label":"attendance_api"}
{"level":"info","message":"Processed GET request to /api/employee/search-employee?text=soo in 25ms","timestamp":"2023-05-15T04:28:00.722Z","label":"attendance_api"}
{"level":"info","message":"Processed GET request to /api/employee/search-employee?text=soo in 25ms","timestamp":"2023-05-15T04:28:10.898Z","label":"attendance_api"}
{"level":"info","message":"Processed GET request to /api/employee/search-employee?text=soo in 25ms","timestamp":"2023-05-15T04:28:16.557Z","label":"attendance_api"}
{"level":"info","message":"Processed GET request to /api/employee/search-employee?text=soo in 25ms","timestamp":"2023-05-15T04:28:52.551Z","label":"attendance_api"}
{"level":"info","message":"Processed GET request to /api/employee/search-employee?text=soo in 25ms","timestamp":"2023-05-15T04:31:17.624Z","label":"attendance_api"}
{"level":"info","message":"hei soosrya","timestamp":"2023-05-15T04:34:55.573Z","label":"attendance_api"}
{"level":"info","message":"Processed GET request to /api/employee/search-employee?text=soo in 25ms","timestamp":"2023-05-15T04:35:00.178Z","label":"attendance_api"}
{"level":"info","message":"Processed GET request to /api/employee/search-employee?text=soo in 25ms","timestamp":"2023-05-15T04:35:23.638Z","label":"attendance_api"}
{"level":"info","message":"","timestamp":"2023-05-15T04:35:36.242Z","label":"attendance_api"}
{"level":"info","message":"soorya","timestamp":"2023-05-15T04:35:41.018Z","label":"attendance_api"}
{"level":"info","message":"Processed GET request to /api/employee/search-employee?text=soo in 25ms","timestamp":"2023-05-15T04:35:46.923Z","label":"attendance_api"}
{"level":"info","message":"Processed get request to soorya/soorya in NaNms","timestamp":"2023-05-15T04:59:43.299Z","label":"attendance_api"}
{"level":"info","message":"Processed get request to soorya/soorya in NaNms","timestamp":"2023-05-15T04:59:52.740Z","label":"attendance_api"}
{"level":"info","message":"Processed undefined request to undefined in NaNms","timestamp":"2023-05-15T05:02:30.437Z","label":"attendance_api"}
{"level":"info","message":"Processed soo request to undefined in NaNms","timestamp":"2023-05-15T05:02:34.665Z","label":"attendance_api"}
{"level":"info","message":"Processed soo request to undefined in NaNms","timestamp":"2023-05-15T05:02:36.990Z","label":"attendance_api"}
{"level":"info","message":"Processed soo request to soos/soos in NaNms","timestamp":"2023-05-15T05:02:47.069Z","label":"attendance_api"}
{"level":"info","message":"Processed soo request to soos/soos in NaNms","timestamp":"2023-05-15T05:03:00.715Z","label":"attendance_api"}
{"level":"info","message":"Processed soo request to soos/soos in NaNms","timestamp":"2023-05-15T05:03:05.810Z","label":"attendance_api"}
{"level":"info","message":"Processed soo request to soos/soos in NaNms","timestamp":"2023-05-15T05:03:31.626Z","label":"attendance_api"}
{"level":"info","message":"Processed soo request to soos/soos in NaNms","timestamp":"2023-05-15T05:03:38.185Z","label":"attendance_api"}
